
Showing logs for build [32mcb-kubecd-bdd-gh-1594895907-mas-rmdcn-1[0m stage [32mfrom-build-pack[0m and container [32mstep-credential-initializer-bgrmh[0m
{"level":"info","ts":1594896056.8317027,"logger":"fallback-logger","caller":"logging/config.go:69","msg":"Fetch GitHub commit ID from kodata failed: open /var/run/ko/refs/heads/0.8.0-ns-support: no such file or directory"}
{"level":"info","ts":1594896056.8325565,"logger":"fallback-logger","caller":"creds-init/main.go:40","msg":"Credentials initialized."}

Showing logs for build [32mcb-kubecd-bdd-gh-1594895907-mas-rmdcn-1[0m stage [32mfrom-build-pack[0m and container [32mstep-working-dir-initializer-8z6bb[0m
{"level":"info","ts":1594896058.9632292,"logger":"fallback-logger","caller":"logging/config.go:69","msg":"Fetch GitHub commit ID from kodata failed: open /var/run/ko/HEAD: no such file or directory"}
{"level":"info","ts":1594896058.9643517,"logger":"fallback-logger","caller":"bash/main.go:64","msg":"Successfully executed command \"sh -c mkdir -p /workspace/source\"; output "}

Showing logs for build [32mcb-kubecd-bdd-gh-1594895907-mas-rmdcn-1[0m stage [32mfrom-build-pack[0m and container [32mstep-place-tools[0m

Showing logs for build [32mcb-kubecd-bdd-gh-1594895907-mas-rmdcn-1[0m stage [32mfrom-build-pack[0m and container [32mstep-git-source-cb-kubecd-bdd-gh-1594895907-mas-rmdcn-xb9sf[0m
{"level":"info","ts":1594896163.1674864,"logger":"fallback-logger","caller":"logging/config.go:69","msg":"Fetch GitHub commit ID from kodata failed: open /var/run/ko/refs/heads/0.8.0-ns-support: no such file or directory"}
{"level":"info","ts":1594896164.444495,"logger":"fallback-logger","caller":"git/git.go:103","msg":"Successfully cloned https://github.com/cb-kubecd/bdd-gh-1594895907.git @ v0.0.2 in path /workspace/source"}

Showing logs for build [32mcb-kubecd-bdd-gh-1594895907-mas-rmdcn-1[0m stage [32mfrom-build-pack[0m and container [32mstep-setup-builder-home[0m

Showing logs for build [32mcb-kubecd-bdd-gh-1594895907-mas-rmdcn-1[0m stage [32mfrom-build-pack[0m and container [32mstep-git-merge[0m
Using SHAs from PULL_REFS=master:
WARNING: no SHAs to merge, falling back to initial cloned commit

Showing logs for build [32mcb-kubecd-bdd-gh-1594895907-mas-rmdcn-1[0m stage [32mfrom-build-pack[0m and container [32mstep-setup-jx-git-credentials[0m
Generated Git credentials file /workspace/xdg_config/git/credentials

Showing logs for build [32mcb-kubecd-bdd-gh-1594895907-mas-rmdcn-1[0m stage [32mfrom-build-pack[0m and container [32mstep-build-make-build[0m
CGO_ENABLED=0 GO15VENDOREXPERIMENT=1 go build -ldflags '' -o bin/bdd-gh-1594895907 main.go

Showing logs for build [32mcb-kubecd-bdd-gh-1594895907-mas-rmdcn-1[0m stage [32mfrom-build-pack[0m and container [32mstep-build-container-build[0m
ERROR: logging before flag.Parse: E0716 10:42:51.398126      10 metadata.go:241] Failed to unmarshal scopes: json: cannot unmarshal string into Go value of type []string
[36mINFO[0m[0000] Resolved base name scratch to scratch        
[36mINFO[0m[0000] Using dockerignore file: /workspace/source/.dockerignore 
[36mINFO[0m[0000] Resolved base name scratch to scratch        
[36mINFO[0m[0000] Built cross stage deps: map[]                
[36mINFO[0m[0000] No base image, nothing to extract            
[36mINFO[0m[0000] cmd: EXPOSE                                  
[36mINFO[0m[0000] Adding exposed port: 8080/tcp                
[36mINFO[0m[0000] Checking for cached layer gcr.io/jenkins-x-labs-bdd/cache:988757e810a3c06e407ffc54fe30c5ff40abf1da194d441fa6c16cc11b6bedf6... 
[36mINFO[0m[0000] No cached layer found for cmd COPY ./bin/ /  
[36mINFO[0m[0000] Unpacking rootfs as cmd COPY ./bin/ / requires it. 
[36mINFO[0m[0000] Taking snapshot of full filesystem...        
[36mINFO[0m[0000] Resolving paths                              
[36mINFO[0m[0000] EXPOSE 8080                                  
[36mINFO[0m[0000] cmd: EXPOSE                                  
[36mINFO[0m[0000] Adding exposed port: 8080/tcp                
[36mINFO[0m[0000] No files changed in this command, skipping snapshotting. 
[36mINFO[0m[0000] ENTRYPOINT ["/bdd-gh-1594895907"]            
[36mINFO[0m[0000] No files changed in this command, skipping snapshotting. 
[36mINFO[0m[0000] COPY ./bin/ /                                
[36mINFO[0m[0000] Resolving paths                              
[36mINFO[0m[0000] Taking snapshot of files...                  
[36mINFO[0m[0001] Pushing layer gcr.io/jenkins-x-labs-bdd/cache:988757e810a3c06e407ffc54fe30c5ff40abf1da194d441fa6c16cc11b6bedf6 to cache now 

Showing logs for build [32mcb-kubecd-bdd-gh-1594895907-mas-rmdcn-1[0m stage [32mfrom-build-pack[0m and container [32mstep-promote-changelog[0m
Converted /workspace/source/charts/bdd-gh-1594895907 to an unshallow repository
Generating change log from git ref bd4db4d0ae5dd1ec9655b55f0b27ec385e2739f7 => 80831a0772636a95ef3422b0fe94e4c22e160ba4
Associating user x-0 in users.jenkins.io with email jenkins-x@googlegroups.com to git GitProvider user with login -0 as emails match
Adding label jenkins.io/git-github-userid=-0 to user x-0 in users.jenkins.io
WARNING: Failed to enrich commit 163d5ee82ce4e05210511fd0a9a0db3c9eb7da53 with issues: User.jenkins.io "x-0" is invalid: metadata.labels: Invalid value: "-0": a valid label must be an empty string or consist of alphanumeric characters, '-', '_' or '.', and must start and end with an alphanumeric character (e.g. 'MyValue',  or 'my_value',  or '12345', regex used for validation is '(([A-Za-z0-9][-A-Za-z0-9_.]*)?[A-Za-z0-9])?')
Finding issues in commit messages using git format
WARNING: No release found for cb-kubecd/bdd-gh-1594895907 and tag v0.0.2 so creating a new release
Updated the release information at https://github.com/cb-kubecd/bdd-gh-1594895907/releases/tag/v0.0.2
generated: /workspace/source/charts/bdd-gh-1594895907/templates/release.yaml
Created Release bdd-gh-1594895907-0-0-2 resource in namespace **
Updating PipelineActivity cb-kubecd-bdd-gh-1594895907-master-1 with version 0.0.2
Updated PipelineActivities cb-kubecd-bdd-gh-1594895907-master-1 with release notes URL: https://github.com/cb-kubecd/bdd-gh-1594895907/releases/tag/v0.0.2

Showing logs for build [32mcb-kubecd-bdd-gh-1594895907-mas-rmdcn-1[0m stage [32mfrom-build-pack[0m and container [32mstep-promote-helm-release[0m
WARNING: No $CHART_REPOSITORY defined so using the default value of: http://jenkins-x-chartmuseum:8080
Adding missing Helm repo: storage.googleapis.com https://storage.googleapis.com/chartmuseum.jenkins-x.io
Successfully added Helm repository storage.googleapis.com.
Adding missing Helm repo: jenkins-x-chartmuseum http://jenkins-x-chartmuseum:8080
Successfully added Helm repository jenkins-x-chartmuseum.
WARNING: No $CHART_REPOSITORY defined so using the default value of: http://jenkins-x-chartmuseum:8080
Uploading chart file bdd-gh-1594895907-0.0.2.tgz to http://jenkins-x-chartmuseum:8080/api/charts
Received 201 response: {"saved":true}

Showing logs for build [32mcb-kubecd-bdd-gh-1594895907-mas-rmdcn-1[0m stage [32mfrom-build-pack[0m and container [32mstep-promote-jx-promote[0m
defaulting to the version 0.0.2 from $VERSION
loading version stream URL https://github.com/jenkins-x/**r-versions.git ref 2bbc1796b2fc5987f2cc609987785e7d912201f8
checking out ref 2bbc1796b2fc5987f2cc609987785e7d912201f8
error: failed to lazy load the EnvironmentContext: failed to create VersionResolver: failed to clone URL https://github.com/jenkins-x/**r-versions.git: failed to checkout ref 2bbc1796b2fc5987f2cc609987785e7d912201f8 in repository https://github.com/jenkins-x/**r-versions.git: failed to clone ref 2bbc1796b2fc5987f2cc609987785e7d912201f8: git output: fatal: reference is not a tree: 2bbc1796b2fc5987f2cc609987785e7d912201f8: failed to run 'git checkout 2bbc1796b2fc5987f2cc609987785e7d912201f8' command in directory '/tmp/**-promote-971477938', output: 'fatal: reference is not a tree: 2bbc1796b2fc5987f2cc609987785e7d912201f8'
[31m
Pipeline failed on stage 'from-build-pack' : container 'step-promote-jx-promote'. The execution of the pipeline has stopped.[0m
